cl : command line warning D9035: option 'Gm' has been deprecated and will be removed in a future release
  resample.c
  kiss_fftr.c
  kiss_fft.c
  Generating Code...
cl : command line warning D9035: option 'Gm' has been deprecated and will be removed in a future release
  Thread.cpp
  sysutils.cpp
  StretcherProcess.cpp
C:\code\github\fb2k\3rdparty-deps\rubberband\src\dsp\SincWindow.h(110,1): warning C4305: 'initializing': truncation from 'double' to 'T'
          with
          [
              T=float
          ]
C:\code\github\fb2k\3rdparty-deps\rubberband\src\dsp\SincWindow.h(103): message : while compiling class template member function 'void RubberBand::SincWindow<float>::write(T *__restrict const ,const int,const int)'
          with
          [
              T=float
          ]
C:\code\github\fb2k\3rdparty-deps\rubberband\src\StretcherProcess.cpp(1016): message : see reference to function template instantiation 'void RubberBand::SincWindow<float>::write(T *__restrict const ,const int,const int)' being compiled
          with
          [
              T=float
          ]
C:\code\github\fb2k\3rdparty-deps\rubberband\src\StretcherProcess.cpp(753): message : see reference to class template instantiation 'RubberBand::SincWindow<float>' being compiled
C:\code\github\fb2k\3rdparty-deps\rubberband\src\dsp\SincWindow.h(130,1): warning C4305: 'initializing': truncation from 'double' to 'T'
          with
          [
              T=float
          ]
C:\code\github\fb2k\3rdparty-deps\rubberband\src\dsp\SincWindow.h(128): message : while compiling class template member function 'void RubberBand::SincWindow<float>::writeHalf(T *__restrict const ,const int,const int)'
          with
          [
              T=float
          ]
C:\code\github\fb2k\3rdparty-deps\rubberband\src\dsp\SincWindow.h(105): message : see reference to function template instantiation 'void RubberBand::SincWindow<float>::writeHalf(T *__restrict const ,const int,const int)' being compiled
          with
          [
              T=float
          ]
  StretcherImpl.cpp
C:\code\github\fb2k\3rdparty-deps\rubberband\src\dsp\SincWindow.h(110,1): warning C4305: 'initializing': truncation from 'double' to 'T'
          with
          [
              T=float
          ]
C:\code\github\fb2k\3rdparty-deps\rubberband\src\dsp\SincWindow.h(103): message : while compiling class template member function 'void RubberBand::SincWindow<float>::write(T *__restrict const ,const int,const int)'
          with
          [
              T=float
          ]
C:\code\github\fb2k\3rdparty-deps\rubberband\src\dsp\SincWindow.h(143): message : see reference to function template instantiation 'void RubberBand::SincWindow<float>::write(T *__restrict const ,const int,const int)' being compiled
          with
          [
              T=float
          ]
C:\code\github\fb2k\3rdparty-deps\rubberband\src\StretcherImpl.cpp(218): message : see reference to class template instantiation 'RubberBand::SincWindow<float>' being compiled
C:\code\github\fb2k\3rdparty-deps\rubberband\src\dsp\SincWindow.h(130,1): warning C4305: 'initializing': truncation from 'double' to 'T'
          with
          [
              T=float
          ]
C:\code\github\fb2k\3rdparty-deps\rubberband\src\dsp\SincWindow.h(128): message : while compiling class template member function 'void RubberBand::SincWindow<float>::writeHalf(T *__restrict const ,const int,const int)'
          with
          [
              T=float
          ]
C:\code\github\fb2k\3rdparty-deps\rubberband\src\dsp\SincWindow.h(105): message : see reference to function template instantiation 'void RubberBand::SincWindow<float>::writeHalf(T *__restrict const ,const int,const int)' being compiled
          with
          [
              T=float
          ]
C:\code\github\fb2k\3rdparty-deps\rubberband\src\dsp\Window.h(136,1): warning C4305: 'argument': truncation from 'double' to 'T'
          with
          [
              T=float
          ]
C:\code\github\fb2k\3rdparty-deps\rubberband\src\dsp\Window.h(113): message : while compiling class template member function 'void RubberBand::Window<float>::encache(void)'
C:\code\github\fb2k\3rdparty-deps\rubberband\src\dsp\Window.h(57): message : see reference to function template instantiation 'void RubberBand::Window<float>::encache(void)' being compiled
C:\code\github\fb2k\3rdparty-deps\rubberband\src\StretcherImpl.cpp(214): message : see reference to class template instantiation 'RubberBand::Window<float>' being compiled
C:\code\github\fb2k\3rdparty-deps\rubberband\src\dsp\Window.h(144,1): warning C4305: 'argument': truncation from 'double' to 'T'
          with
          [
              T=float
          ]
C:\code\github\fb2k\3rdparty-deps\rubberband\src\dsp\Window.h(171,1): warning C4305: 'argument': truncation from 'double' to 'T'
          with
          [
              T=float
          ]
C:\code\github\fb2k\3rdparty-deps\rubberband\src\dsp\Window.h(175,1): warning C4305: 'argument': truncation from 'double' to 'T'
          with
          [
              T=float
          ]
  StretcherChannelData.cpp
  StretchCalculator.cpp
  SpectralDifferenceAudioCurve.cpp
  SilentAudioCurve.cpp
  RubberBandStretcher.cpp
  rubberband-c.cpp
  Resampler.cpp
  Profiler.cpp
  PercussiveAudioCurve.cpp
C:\code\github\fb2k\3rdparty-deps\rubberband\src\audiocurves\PercussiveAudioCurve.cpp(89,45): warning C4305: 'argument': truncation from 'double' to 'float'
  HighFrequencyAudioCurve.cpp
  FFT.cpp
  ConstantAudioCurve.cpp
  CompoundAudioCurve.cpp
  AudioCurveCalculator.cpp
  Allocators.cpp
  Generating Code...
  rubberband-library.vcxproj -> C:\code\github\fb2k\3rdparty-deps\rubberband\Debug\rubberband-library.lib
